epoch,loss,val_loss
0,9.499405860900879,6.879278182983398
1,6.023182392120361,5.666987895965576
2,4.771296977996826,4.618248462677002
3,4.2706217765808105,4.125686168670654
4,3.998878002166748,3.8287999629974365
5,3.7866735458374023,3.570530891418457
6,3.627087354660034,3.5260818004608154
7,3.5079421997070312,3.2596628665924072
8,3.415297269821167,3.570279121398926
9,3.3355696201324463,3.217580795288086
10,3.2674012184143066,3.3695414066314697
11,3.2159223556518555,3.5413131713867188
12,3.1618492603302,3.2521884441375732
13,3.121990442276001,3.2526681423187256
14,3.068470001220703,3.0037779808044434
15,3.03878116607666,3.0067548751831055
16,3.007525682449341,2.9005954265594482
17,2.973015785217285,3.0983994007110596
18,2.949457883834839,2.8733785152435303
19,2.9210622310638428,3.104400873184204
20,2.8885626792907715,2.86788272857666
21,2.858454465866089,2.6785435676574707
22,2.8482978343963623,2.8033084869384766
23,2.819993495941162,2.6678545475006104
24,2.793818473815918,2.7721784114837646
25,2.765911817550659,2.749634265899658
26,2.753722667694092,2.716722011566162
27,2.728548765182495,2.7465808391571045
28,2.7097725868225098,2.651972770690918
29,2.6902108192443848,2.7320971488952637
30,2.6756949424743652,2.6831939220428467
31,2.659195899963379,2.7850000858306885
32,2.6358144283294678,3.1672651767730713
33,2.6172094345092773,2.8845624923706055
34,2.5967209339141846,2.578732967376709
35,2.5880653858184814,2.5825068950653076
36,2.564744472503662,2.5012545585632324
37,2.5489895343780518,2.6908504962921143
38,2.523568868637085,2.487762451171875
39,2.5216498374938965,2.812751531600952
40,2.500183582305908,2.5861761569976807
41,2.4862961769104004,2.4654650688171387
42,2.4665443897247314,2.5272505283355713
43,2.457636833190918,2.4079439640045166
44,2.4437191486358643,2.538085699081421
45,2.430875778198242,2.405054807662964
46,2.424635648727417,2.4812428951263428
47,2.400733232498169,2.395504951477051
48,2.3844971656799316,2.5582425594329834
49,2.385479211807251,2.2974605560302734
50,2.3620471954345703,2.363598108291626
51,2.3515625,2.347907781600952
52,2.345757246017456,2.263704538345337
53,2.333876371383667,2.2336244583129883
54,2.3256890773773193,2.517921209335327
55,2.3145382404327393,2.4255049228668213
56,2.3012218475341797,2.3129732608795166
57,2.2915263175964355,2.4376769065856934
58,2.2877049446105957,2.398136854171753
59,2.279116630554199,2.317901849746704
60,2.2647712230682373,2.1959962844848633
61,2.258168935775757,2.162095308303833
62,2.24881911277771,2.590005397796631
63,2.2397897243499756,2.371955633163452
64,2.2320058345794678,2.1975483894348145
65,2.220430612564087,2.2672746181488037
66,2.219141721725464,2.3004913330078125
67,2.20806622505188,2.1273913383483887
68,2.194366216659546,2.2089316844940186
69,2.1905157566070557,2.285644292831421
70,2.1897363662719727,2.271671772003174
71,2.177103281021118,2.2239832878112793
72,2.1711182594299316,2.2679686546325684
73,2.160132884979248,2.2530276775360107
74,2.1582138538360596,2.3133814334869385
75,2.1519248485565186,2.135136127471924
76,2.141242504119873,2.217562675476074
77,2.137692451477051,2.28643798828125
78,2.1282827854156494,2.2221412658691406
79,2.115518808364868,2.0803062915802
80,2.1226654052734375,2.19728684425354
81,2.10622239112854,2.3286445140838623
82,2.1049158573150635,2.1002542972564697
83,2.0927212238311768,2.2296056747436523
84,2.095004081726074,2.158837080001831
85,2.0837371349334717,2.108938455581665
86,2.077739953994751,2.038156509399414
87,2.075117349624634,2.2665188312530518
88,2.0630643367767334,2.516984224319458
89,2.0587611198425293,2.278696060180664
90,2.0582821369171143,2.1538162231445312
91,2.0541837215423584,2.1879563331604004
92,2.0372049808502197,2.046950340270996
93,2.0458950996398926,2.6165874004364014
94,2.035090923309326,2.133514404296875
95,2.019853353500366,2.3055806159973145
96,2.0177080631256104,2.2652266025543213
97,2.016996383666992,2.32749342918396
98,2.0105481147766113,2.064727306365967
99,2.002335548400879,2.168551206588745
100,1.9969781637191772,2.1681625843048096
101,2.0025928020477295,2.074031114578247
102,1.9931601285934448,2.105276584625244
103,1.984216332435608,2.0829551219940186
104,1.9759809970855713,2.025621175765991
105,1.9833284616470337,2.074188232421875
106,1.9779571294784546,2.1189846992492676
107,1.9732520580291748,2.1519386768341064
108,1.9692248106002808,1.941451072692871
109,1.9657347202301025,2.0297439098358154
110,1.9590471982955933,2.0271005630493164
111,1.956971287727356,2.0637824535369873
112,1.9514563083648682,2.210430383682251
113,1.953249454498291,2.049995183944702
114,1.946144938468933,2.0492868423461914
115,1.9426823854446411,2.0562222003936768
116,1.9417145252227783,2.031902313232422
117,1.9350906610488892,2.1464900970458984
118,1.9372682571411133,2.2130980491638184
119,1.9243100881576538,1.9321829080581665
120,1.923760175704956,2.2141706943511963
121,1.920199990272522,2.385932683944702
122,1.9159753322601318,2.236722946166992
123,1.91115140914917,2.051945686340332
124,1.8979095220565796,1.967673897743225
125,1.9039958715438843,2.178013324737549
126,1.8991669416427612,2.0168869495391846
127,1.8984674215316772,1.9331190586090088
128,1.8946653604507446,1.9899885654449463
129,1.8908603191375732,2.0778114795684814
130,1.887047529220581,1.9715607166290283
131,1.881401777267456,1.9913206100463867
132,1.8780425786972046,2.1711525917053223
133,1.8757809400558472,2.0699400901794434
134,1.868554949760437,1.970451831817627
135,1.8684287071228027,1.958032488822937
136,1.8644604682922363,1.9007383584976196
137,1.8633010387420654,2.038357734680176
138,1.8642321825027466,2.3224918842315674
139,1.856640100479126,2.0861377716064453
140,1.8494831323623657,1.973347783088684
141,1.8610097169876099,2.067074775695801
142,1.8523433208465576,2.1282551288604736
143,1.849837064743042,2.0155751705169678
144,1.8419842720031738,1.8742281198501587
145,1.8460392951965332,1.954089879989624
146,1.8389742374420166,2.0929176807403564
147,1.8351500034332275,1.8215668201446533
148,1.8376579284667969,1.9750778675079346
149,1.826275110244751,2.1552326679229736
150,1.8299142122268677,2.1402628421783447
151,1.8252313137054443,2.1050069332122803
152,1.8229215145111084,1.897903323173523
153,1.8244528770446777,1.9948828220367432
154,1.8167381286621094,1.9411516189575195
155,1.8064652681350708,2.1081128120422363
156,1.8075058460235596,2.021550178527832
157,1.8090479373931885,2.073580503463745
158,1.8064707517623901,1.9352223873138428
159,1.8039278984069824,2.2783994674682617
160,1.8049206733703613,1.853806495666504
161,1.7995532751083374,2.0008621215820312
162,1.7979906797409058,1.8880077600479126
163,1.793563961982727,1.9475116729736328
164,1.7896860837936401,1.9004298448562622
165,1.7932058572769165,1.921230435371399
166,1.785715103149414,1.950213074684143
167,1.779335856437683,2.0116171836853027
168,1.7816237211227417,1.9454482793807983
169,1.782206654548645,1.95032799243927
170,1.7758442163467407,1.8360438346862793
171,1.7769678831100464,1.912684679031372
172,1.7715898752212524,1.9443507194519043
173,1.7708156108856201,1.8060362339019775
174,1.766309142112732,1.8772993087768555
175,1.763939619064331,1.7989120483398438
176,1.761839747428894,2.283297300338745
177,1.758689284324646,1.7995189428329468
178,1.7623456716537476,1.9619176387786865
179,1.7527769804000854,2.036900758743286
180,1.7553942203521729,2.0870144367218018
181,1.7540935277938843,1.8924977779388428
182,1.7525006532669067,1.8636544942855835
183,1.7459614276885986,1.9653643369674683
184,1.7505569458007812,2.024618625640869
185,1.7408465147018433,1.7938778400421143
186,1.7392547130584717,1.8595106601715088
187,1.7398914098739624,2.02565598487854
188,1.7362443208694458,1.9126062393188477
189,1.7358039617538452,1.980153203010559
190,1.7353001832962036,1.9996293783187866
191,1.7369425296783447,2.0999956130981445
192,1.7322802543640137,1.9390835762023926
193,1.7260583639144897,1.9050554037094116
194,1.7280693054199219,1.874714732170105
195,1.727304458618164,1.9091037511825562
196,1.7236366271972656,2.227111339569092
197,1.7174100875854492,1.7980722188949585
198,1.7214382886886597,1.8216177225112915
199,1.7154160737991333,1.8455748558044434
200,1.7151185274124146,1.7938053607940674
201,1.712010145187378,1.8094030618667603
202,1.712119698524475,1.9790987968444824
203,1.7111035585403442,1.9437963962554932
204,1.7103102207183838,1.8362698554992676
205,1.7125688791275024,1.8473546504974365
206,1.7022732496261597,1.8782780170440674
207,1.6970593929290771,1.8590376377105713
208,1.7040493488311768,1.8990581035614014
209,1.7015794515609741,1.940751075744629
210,1.6946734189987183,2.0440022945404053
211,1.6971385478973389,1.7778455018997192
212,1.695328712463379,1.8792247772216797
213,1.6963427066802979,2.010944366455078
214,1.693796992301941,1.8716591596603394
215,1.6872378587722778,1.8392605781555176
216,1.6862432956695557,1.8351423740386963
217,1.683029055595398,2.0366039276123047
218,1.6858460903167725,1.9304863214492798
219,1.684807300567627,2.029548168182373
220,1.6818525791168213,1.7733608484268188
221,1.679351806640625,1.8949567079544067
222,1.6759470701217651,1.831648588180542
223,1.6722354888916016,1.8446118831634521
224,1.675313949584961,2.0053584575653076
225,1.6722464561462402,1.7852369546890259
226,1.6690614223480225,1.9731353521347046
227,1.6646885871887207,1.8485543727874756
228,1.6666481494903564,1.84575355052948
229,1.666290283203125,1.8795897960662842
230,1.665358304977417,1.8045554161071777
231,1.664438009262085,2.006816864013672
232,1.6606086492538452,1.795450210571289
233,1.659772276878357,1.9987249374389648
234,1.657507061958313,1.8153374195098877
235,1.6606905460357666,1.880976915359497
236,1.6592988967895508,1.9428306818008423
237,1.656556487083435,1.8332343101501465
238,1.6577869653701782,1.7991925477981567
239,1.6534018516540527,1.8312586545944214
240,1.654502034187317,1.9713573455810547
241,1.652174472808838,1.8878740072250366
242,1.6497621536254883,1.7480661869049072
243,1.646161437034607,1.8058546781539917
244,1.6435065269470215,1.7123088836669922
245,1.643437385559082,1.8034917116165161
246,1.6448973417282104,1.9628162384033203
247,1.6408112049102783,1.7470749616622925
248,1.6396286487579346,1.9307432174682617
249,1.6351110935211182,1.868137001991272
250,1.6346379518508911,1.7653887271881104
251,1.6386913061141968,1.9142464399337769
252,1.637098789215088,1.8592886924743652
253,1.634550929069519,1.734100580215454
254,1.6328072547912598,1.8247514963150024
255,1.63080894947052,1.769325852394104
256,1.6251178979873657,1.785858154296875
257,1.6249788999557495,1.8886747360229492
258,1.6263214349746704,1.8111040592193604
259,1.6229442358016968,1.8496652841567993
260,1.627312421798706,1.7217856645584106
261,1.626123070716858,1.7928208112716675
262,1.6141868829727173,1.9471940994262695
263,1.6187835931777954,1.780686378479004
264,1.6113336086273193,1.8372395038604736
265,1.617023229598999,1.8224132061004639
266,1.610400915145874,1.8915526866912842
267,1.6141811609268188,1.823781132698059
268,1.6138322353363037,2.028097152709961
269,1.6123929023742676,1.6850252151489258
270,1.6151059865951538,1.8097774982452393
271,1.6118766069412231,1.7789491415023804
272,1.6101300716400146,1.8954914808273315
273,1.6057181358337402,1.723414421081543
274,1.6081123352050781,1.7529171705245972
275,1.5997800827026367,1.831857442855835
276,1.6005243062973022,1.9816852807998657
277,1.5991761684417725,1.8643022775650024
278,1.6043199300765991,1.741202473640442
279,1.5978323221206665,1.9817367792129517
280,1.6012897491455078,1.784958004951477
281,1.5938735008239746,1.8220645189285278
282,1.5965405702590942,1.819614052772522
283,1.5957638025283813,1.9476183652877808
284,1.601115107536316,1.815346121788025
285,1.5970487594604492,1.712990403175354
286,1.5945643186569214,1.9149096012115479
287,1.5900474786758423,2.0347869396209717
288,1.5857908725738525,1.764949083328247
289,1.586026668548584,1.7805274724960327
290,1.5851413011550903,1.8308104276657104
291,1.5868651866912842,1.8881653547286987
292,1.5829792022705078,1.7317311763763428
293,1.5820080041885376,1.9193109273910522
294,1.5753071308135986,1.748258352279663
295,1.581760048866272,1.7293041944503784
296,1.5783944129943848,1.7993359565734863
297,1.5832375288009644,1.7372314929962158
298,1.573354721069336,1.7652740478515625
299,1.5746394395828247,1.796949028968811
300,1.5725798606872559,1.6775214672088623
301,1.5741426944732666,1.9324616193771362
302,1.5754878520965576,1.992781162261963
303,1.5690646171569824,1.8654180765151978
304,1.5743284225463867,1.7228502035140991
305,1.5734416246414185,1.7646793127059937
306,1.5749012231826782,1.7444016933441162
307,1.5649062395095825,1.760841727256775
308,1.5685502290725708,1.807391881942749
309,1.5595694780349731,1.8037606477737427
310,1.5669394731521606,1.7604464292526245
311,1.5610789060592651,1.8027435541152954
312,1.5634422302246094,1.7947232723236084
313,1.5639452934265137,1.8354352712631226
314,1.5585403442382812,1.9772478342056274
315,1.5594679117202759,1.7194494009017944
316,1.5580129623413086,2.020632743835449
317,1.5574991703033447,1.8244826793670654
318,1.5552265644073486,1.8328248262405396
319,1.554286003112793,1.7188704013824463
320,1.5541058778762817,1.7426499128341675
321,1.5587776899337769,1.702109694480896
322,1.5514132976531982,1.7070902585983276
323,1.5541715621948242,1.7818833589553833
324,1.5591609477996826,1.7691967487335205
325,1.54952073097229,1.7071714401245117
326,1.5521551370620728,1.8104839324951172
327,1.546156883239746,1.8249101638793945
328,1.5482159852981567,1.85725736618042
329,1.54777991771698,1.7895132303237915
330,1.5400713682174683,1.8344042301177979
331,1.5372037887573242,1.7708759307861328
332,1.541124939918518,1.7588822841644287
333,1.5457466840744019,2.0035603046417236
334,1.5407673120498657,1.6658858060836792
335,1.545906901359558,1.7700958251953125
336,1.5452800989151,1.7574434280395508
337,1.5440504550933838,1.6763763427734375
338,1.5408450365066528,1.7414172887802124
339,1.5373694896697998,1.6810320615768433
340,1.5326281785964966,1.7828295230865479
341,1.5354232788085938,1.879514217376709
342,1.5341023206710815,1.7118676900863647
343,1.5319702625274658,1.7827354669570923
344,1.536190152168274,1.7881799936294556
345,1.5276389122009277,1.690580129623413
346,1.5262686014175415,1.7480344772338867
347,1.5300993919372559,1.7108216285705566
348,1.5293248891830444,1.6299021244049072
349,1.5239052772521973,1.77707839012146
350,1.5236958265304565,1.8296736478805542
351,1.5213383436203003,1.6910055875778198
352,1.525341272354126,1.7102949619293213
353,1.5235565900802612,1.9116190671920776
354,1.5234647989273071,1.7454628944396973
355,1.5295119285583496,1.7993053197860718
356,1.5244715213775635,1.705473780632019
357,1.5221599340438843,1.7430635690689087
358,1.5197458267211914,1.7398639917373657
359,1.5240544080734253,1.7786389589309692
360,1.5179965496063232,1.7879459857940674
361,1.5185959339141846,1.9006348848342896
362,1.5166374444961548,1.8359063863754272
363,1.5144613981246948,1.6782758235931396
364,1.5118932723999023,1.7294646501541138
365,1.5103613138198853,1.8100939989089966
366,1.5098910331726074,1.6648738384246826
367,1.5099788904190063,1.7726292610168457
368,1.510662317276001,1.7450213432312012
369,1.5133861303329468,1.8707146644592285
370,1.5089919567108154,1.9881060123443604
371,1.507920503616333,1.825106143951416
372,1.5085527896881104,1.6982979774475098
373,1.5088977813720703,1.70772123336792
374,1.5084112882614136,1.7169437408447266
375,1.5039414167404175,1.993978500366211
376,1.5074741840362549,1.7412258386611938
377,1.5077753067016602,1.7792997360229492
378,1.4992573261260986,1.8765350580215454
379,1.5052441358566284,1.788018822669983
380,1.498024344444275,1.7781392335891724
381,1.5009382963180542,1.7451419830322266
382,1.4967501163482666,1.835707664489746
383,1.4997477531433105,1.8470373153686523
384,1.4984742403030396,1.8472211360931396
385,1.496382713317871,1.7236336469650269
386,1.4965184926986694,1.7574142217636108
387,1.497277855873108,1.7369461059570312
388,1.496025800704956,1.8702794313430786
389,1.5004459619522095,1.8688530921936035
390,1.4946883916854858,1.924902319908142
391,1.4901728630065918,1.6240333318710327
392,1.4956401586532593,1.9686521291732788
393,1.4956895112991333,1.6722670793533325
394,1.4905848503112793,1.7827966213226318
395,1.4837424755096436,1.7331879138946533
396,1.4873933792114258,1.7165554761886597
397,1.4838261604309082,1.676806092262268
398,1.4867063760757446,1.64957594871521
399,1.4860283136367798,1.8436552286148071
400,1.4870551824569702,1.7865086793899536
401,1.4826840162277222,1.7860658168792725
402,1.4842662811279297,1.7090009450912476
403,1.4845093488693237,1.6971584558486938
404,1.4818867444992065,1.8841266632080078
405,1.4824130535125732,1.6839447021484375
406,1.4839626550674438,1.9449951648712158
407,1.4794865846633911,1.8715147972106934
408,1.484803318977356,1.8814488649368286
409,1.4780369997024536,1.73128080368042
410,1.4774749279022217,1.849648356437683
411,1.4730600118637085,1.7690098285675049
412,1.4793576002120972,1.7250176668167114
413,1.472063422203064,1.847446322441101
414,1.4750901460647583,1.7663637399673462
415,1.4749964475631714,1.8008335828781128
416,1.4736456871032715,1.7860689163208008
417,1.4700573682785034,1.9004828929901123
418,1.4683208465576172,1.7998043298721313
419,1.473855972290039,1.7973483800888062
420,1.4700342416763306,1.8119078874588013
421,1.4713399410247803,1.6884725093841553
422,1.4717665910720825,1.7324130535125732
423,1.4710885286331177,1.6815065145492554
424,1.4663469791412354,1.6045783758163452
425,1.473257303237915,1.7506033182144165
426,1.4616295099258423,1.711366891860962
427,1.4643973112106323,1.6836504936218262
428,1.4649124145507812,1.8032305240631104
429,1.4633885622024536,1.7162104845046997
430,1.4585902690887451,1.7018320560455322
431,1.4632176160812378,1.6674317121505737
432,1.4635151624679565,1.6783517599105835
433,1.4590845108032227,1.7457728385925293
434,1.4622434377670288,1.6885452270507812
435,1.4568127393722534,1.7705650329589844
436,1.4602843523025513,1.724457025527954
437,1.455998182296753,1.8184634447097778
438,1.45990788936615,1.706324815750122
439,1.4605259895324707,1.8863717317581177
440,1.4540858268737793,1.7110475301742554
441,1.455654501914978,1.9375869035720825
442,1.4527949094772339,1.6571691036224365
443,1.4583121538162231,1.6345620155334473
444,1.4575951099395752,1.7348636388778687
445,1.4550483226776123,1.6996022462844849
446,1.4495707750320435,1.6801248788833618
447,1.4494086503982544,1.9618840217590332
448,1.452810525894165,1.6990333795547485
449,1.4518107175827026,1.71058189868927
450,1.4489340782165527,1.624828577041626
451,1.4487483501434326,1.939704418182373
452,1.446911334991455,1.6878752708435059
453,1.4464635848999023,1.8849631547927856
454,1.4468398094177246,1.691724181175232
455,1.4463509321212769,1.7093561887741089
456,1.4440900087356567,1.7275933027267456
457,1.4423108100891113,1.6687735319137573
458,1.4453703165054321,1.8329726457595825
459,1.4394797086715698,1.7021750211715698
460,1.4463099241256714,1.777180552482605
461,1.441989541053772,1.6838393211364746
462,1.438354253768921,1.6691535711288452
463,1.4410598278045654,1.6715848445892334
464,1.4460084438323975,2.0103776454925537
465,1.434834361076355,1.825337529182434
466,1.4396929740905762,1.6975830793380737
467,1.4392482042312622,1.6697314977645874
468,1.4353004693984985,1.6410205364227295
469,1.4396690130233765,1.648126482963562
470,1.4363619089126587,1.748705506324768
471,1.4352562427520752,1.7804770469665527
472,1.4343652725219727,1.8216116428375244
473,1.4351327419281006,1.7390226125717163
474,1.4348084926605225,1.6460602283477783
475,1.4349490404129028,1.6648143529891968
476,1.4357306957244873,1.679827094078064
477,1.436602234840393,1.688924789428711
478,1.4359489679336548,1.7534810304641724
479,1.4319379329681396,1.707857608795166
480,1.4324589967727661,2.007755994796753
481,1.4309556484222412,1.6224783658981323
482,1.4288941621780396,1.6335415840148926
483,1.4264214038848877,1.7069361209869385
484,1.4281883239746094,1.6781998872756958
485,1.4259238243103027,1.798936367034912
486,1.426383376121521,1.7047115564346313
487,1.428505301475525,1.8174675703048706
488,1.4251850843429565,1.6564668416976929
489,1.4293174743652344,1.7156003713607788
490,1.4292950630187988,1.7688332796096802
491,1.4251617193222046,1.7099477052688599
492,1.4221445322036743,1.6543819904327393
493,1.4226977825164795,1.709736704826355
494,1.4227889776229858,1.6688110828399658
495,1.4214098453521729,1.6458539962768555
496,1.4190161228179932,1.6736431121826172
497,1.4210567474365234,1.7331441640853882
498,1.416123390197754,1.6934244632720947
499,1.418803334236145,1.668116807937622
500,1.4182881116867065,1.8754156827926636
501,1.4150148630142212,1.679305076599121
502,1.416259765625,1.6824088096618652
503,1.419136881828308,1.8221256732940674
504,1.4166736602783203,1.7881689071655273
505,1.418641209602356,1.8982011079788208
506,1.4152318239212036,1.716760277748108
507,1.4150687456130981,1.6685009002685547
508,1.415504813194275,1.672659158706665
509,1.4179517030715942,1.8312751054763794
510,1.412339210510254,1.7068928480148315
511,1.4119991064071655,1.7278047800064087
512,1.4098824262619019,1.6734687089920044
513,1.4151828289031982,1.8233970403671265
514,1.4100815057754517,1.7285325527191162
515,1.4055041074752808,1.6432124376296997
516,1.4134905338287354,1.809780240058899
517,1.412721872329712,1.6516882181167603
518,1.4118174314498901,1.632765293121338
519,1.4062981605529785,1.675910234451294
520,1.4089356660842896,1.7322415113449097
521,1.4118692874908447,1.6516517400741577
522,1.4079307317733765,1.758819818496704
523,1.4072353839874268,1.6467080116271973
524,1.4018597602844238,1.6850121021270752
525,1.4071437120437622,1.6346999406814575
526,1.4017788171768188,1.7802144289016724
527,1.4077844619750977,1.7239242792129517
528,1.4013341665267944,1.7664827108383179
529,1.4037572145462036,1.74839186668396
530,1.405198097229004,1.6791620254516602
531,1.3999974727630615,1.6170132160186768
532,1.401831865310669,1.7852469682693481
533,1.4046870470046997,1.8059053421020508
534,1.4049221277236938,1.6704399585723877
535,1.3987616300582886,1.8668062686920166
536,1.4044959545135498,1.7352932691574097
537,1.3991618156433105,1.6720463037490845
538,1.3942919969558716,1.6163359880447388
539,1.3998626470565796,1.674249529838562
540,1.3994892835617065,1.6581788063049316
541,1.395189881324768,1.712068796157837
542,1.391170859336853,1.6866226196289062
543,1.3976622819900513,1.8662742376327515
544,1.395136833190918,1.7785322666168213
545,1.389770269393921,1.709662675857544
546,1.3949044942855835,1.7819291353225708
547,1.3944300413131714,1.634907603263855
548,1.3907376527786255,1.688047170639038
549,1.389951467514038,1.6833943128585815
550,1.3858197927474976,1.5927590131759644
551,1.3943709135055542,1.6221580505371094
552,1.3921914100646973,1.7308846712112427
553,1.3938908576965332,1.628831148147583
554,1.3895663022994995,1.7129219770431519
555,1.3906219005584717,1.6857773065567017
556,1.391753911972046,1.6488959789276123
557,1.3914620876312256,1.793729305267334
558,1.3835196495056152,1.5997341871261597
559,1.388312578201294,1.6429952383041382
560,1.382373332977295,1.6989845037460327
561,1.3877381086349487,1.6851381063461304
562,1.3861812353134155,1.8578355312347412
563,1.3865625858306885,1.746902346611023
564,1.3837840557098389,1.838216781616211
565,1.3853342533111572,1.655970573425293
566,1.384271264076233,1.6344765424728394
567,1.3797491788864136,1.6498403549194336
568,1.3873358964920044,1.7196251153945923
569,1.381860613822937,1.7393895387649536
570,1.385572075843811,1.7788455486297607
571,1.3848825693130493,1.603833556175232
572,1.3849475383758545,1.6853123903274536
573,1.3752704858779907,1.6196528673171997
574,1.3798096179962158,1.8147978782653809
575,1.377733588218689,1.6108545064926147
576,1.3808773756027222,1.8765196800231934
577,1.3813259601593018,1.617045521736145
578,1.3767924308776855,1.7185323238372803
579,1.3801336288452148,1.6721282005310059
580,1.381531000137329,1.7859232425689697
581,1.3747626543045044,1.6611212491989136
582,1.3775899410247803,1.6808792352676392
583,1.3803476095199585,1.7105339765548706
584,1.380241870880127,1.7280915975570679
585,1.3758679628372192,1.6501219272613525
586,1.3754128217697144,1.7269651889801025
587,1.374310851097107,1.6741656064987183
588,1.3775622844696045,1.652019739151001
589,1.3723145723342896,1.6956663131713867
590,1.3715152740478516,1.7043803930282593
591,1.369599461555481,1.8057421445846558
592,1.3745496273040771,1.6616437435150146
593,1.3730289936065674,1.6823288202285767
594,1.3752377033233643,1.9102997779846191
595,1.370627999305725,1.6347020864486694
596,1.371395230293274,1.992173671722412
597,1.371732234954834,1.7313477993011475
598,1.3690470457077026,1.6695530414581299
599,1.3695859909057617,1.6899387836456299
600,1.3673043251037598,1.68706214427948
601,1.3642151355743408,1.676183819770813
602,1.3632235527038574,1.621429681777954
603,1.3619955778121948,1.7109633684158325
604,1.3626503944396973,1.7428131103515625
605,1.3686871528625488,1.6866538524627686
606,1.3659520149230957,1.6947379112243652
607,1.3594799041748047,1.6482843160629272
608,1.3658359050750732,1.6808009147644043
609,1.3676297664642334,1.7427239418029785
610,1.3649979829788208,1.6669926643371582
611,1.3661521673202515,1.6932814121246338
612,1.3643579483032227,1.6669492721557617
613,1.3611871004104614,1.6877436637878418
614,1.3601280450820923,1.632639765739441
615,1.3592476844787598,1.902458906173706
616,1.357717514038086,1.5921578407287598
617,1.3604187965393066,1.7073365449905396
618,1.3622688055038452,1.841092586517334
619,1.3565993309020996,1.7028170824050903
620,1.3572314977645874,1.6968905925750732
621,1.3549302816390991,1.645821213722229
622,1.354738712310791,1.6509417295455933
623,1.360201358795166,1.6647433042526245
624,1.3637398481369019,1.8247445821762085
625,1.3531748056411743,1.648504614830017
626,1.3600965738296509,1.7386928796768188
627,1.351000189781189,1.6221708059310913
628,1.3578417301177979,1.7250818014144897
629,1.3566516637802124,1.5927096605300903
630,1.3520550727844238,1.6337456703186035
631,1.3562253713607788,1.6151138544082642
632,1.3560327291488647,1.821671485900879
633,1.3546873331069946,1.720890998840332
634,1.3550479412078857,1.6397285461425781
635,1.3535404205322266,1.6291286945343018
636,1.3494679927825928,1.6239017248153687
637,1.3512619733810425,1.7035454511642456
638,1.3548396825790405,1.813299536705017
639,1.3496999740600586,1.679874300956726
640,1.3521008491516113,1.6331100463867188
641,1.352970004081726,1.6976100206375122
642,1.3486132621765137,1.6259138584136963
643,1.351325273513794,1.9814040660858154
644,1.347057580947876,1.6257084608078003
645,1.3520926237106323,1.7551181316375732
646,1.3448166847229004,1.62263023853302
647,1.3488961458206177,1.657505750656128
648,1.3419640064239502,1.6470286846160889
649,1.3432044982910156,1.6034761667251587
650,1.3468353748321533,1.6611580848693848
651,1.3466274738311768,1.8438796997070312
652,1.35080885887146,1.7582623958587646
653,1.3430718183517456,1.6890971660614014
654,1.3459293842315674,1.6367961168289185
655,1.341160774230957,1.7698614597320557
656,1.3405808210372925,1.710143804550171
657,1.3414387702941895,1.5919393301010132
658,1.3427977561950684,1.7020047903060913
659,1.3414326906204224,1.8376994132995605
660,1.3464486598968506,1.6192195415496826
661,1.3424559831619263,1.8216111660003662
662,1.3496829271316528,1.6521193981170654
663,1.342405080795288,1.7281686067581177
664,1.338309645652771,1.6187280416488647
665,1.3408305644989014,1.7022356986999512
666,1.3377882242202759,1.73039972782135
667,1.3354352712631226,2.16261887550354
668,1.3370939493179321,1.678246259689331
669,1.3349888324737549,1.723203420639038
670,1.335719108581543,1.712815284729004
671,1.3405578136444092,1.6790269613265991
672,1.337134599685669,1.6297410726547241
673,1.335351586341858,1.5692877769470215
674,1.3361684083938599,1.679823875427246
675,1.337829351425171,1.6300207376480103
676,1.3362113237380981,1.7827073335647583
677,1.3329532146453857,1.708437204360962
678,1.3332483768463135,1.6650125980377197
679,1.3348777294158936,1.7044044733047485
680,1.3291022777557373,1.7460768222808838
681,1.3364646434783936,1.6081713438034058
682,1.3361575603485107,1.6977969408035278
683,1.336974859237671,1.750198245048523
684,1.3354028463363647,1.652526617050171
685,1.3311798572540283,1.6820803880691528
686,1.331302285194397,1.687420129776001
687,1.3301713466644287,1.7074159383773804
688,1.3311599493026733,1.6360540390014648
689,1.3277965784072876,1.6575325727462769
690,1.3308024406433105,1.6484861373901367
691,1.3248069286346436,1.7112622261047363
692,1.3227448463439941,1.684678554534912
693,1.3244390487670898,1.618209958076477
694,1.3227280378341675,1.6082758903503418
695,1.326285719871521,1.6109048128128052
696,1.3268423080444336,1.7705657482147217
697,1.322892427444458,1.5870181322097778
698,1.325459361076355,1.6435359716415405
699,1.3215947151184082,1.6738077402114868
700,1.3283371925354004,1.644411563873291
701,1.3233332633972168,1.712049126625061
702,1.3273820877075195,1.642909288406372
703,1.329215407371521,1.6807515621185303
704,1.3204002380371094,1.6098277568817139
705,1.3228464126586914,1.6400269269943237
706,1.3248172998428345,1.8789074420928955
707,1.3263182640075684,1.5922660827636719
708,1.3183258771896362,1.6875865459442139
709,1.3192894458770752,1.5744452476501465
710,1.3191111087799072,1.6559741497039795
711,1.3199411630630493,1.7045187950134277
712,1.3164557218551636,1.596486210823059
713,1.3199864625930786,1.750537633895874
714,1.3213430643081665,1.7520122528076172
715,1.3220058679580688,1.655219316482544
716,1.3178300857543945,1.65765380859375
717,1.3169444799423218,1.64219069480896
718,1.3171095848083496,1.728663444519043
719,1.3175921440124512,1.8053230047225952
720,1.319818139076233,1.6511900424957275
721,1.3177682161331177,1.8272777795791626
722,1.3212964534759521,1.7081245183944702
723,1.3159691095352173,1.630563497543335
724,1.314672827720642,1.6569634675979614
725,1.309621810913086,1.8208411931991577
726,1.310916543006897,1.5970642566680908
727,1.3120863437652588,1.6650383472442627
728,1.3182562589645386,1.6479016542434692
729,1.3156499862670898,1.611769676208496
730,1.314505696296692,1.5739823579788208
731,1.3126413822174072,1.69825279712677
732,1.3140650987625122,1.5869615077972412
733,1.3100727796554565,1.667731523513794
734,1.307446837425232,1.8302271366119385
735,1.3120473623275757,1.626906156539917
736,1.3104419708251953,1.7546653747558594
737,1.3112846612930298,1.7176811695098877
738,1.3090976476669312,1.6898473501205444
739,1.3077651262283325,1.6540560722351074
740,1.3094482421875,1.7708277702331543
741,1.3073078393936157,1.633675217628479
742,1.3154232501983643,1.7170737981796265
743,1.3090046644210815,1.6350146532058716
744,1.307342767715454,1.991520881652832
745,1.3017864227294922,1.7702254056930542
746,1.3072935342788696,1.7673511505126953
747,1.308811902999878,1.6344422101974487
748,1.310180425643921,1.7121529579162598
749,1.3081223964691162,1.7606207132339478
750,1.305261492729187,1.5959420204162598
751,1.306223750114441,1.63154137134552
752,1.3032504320144653,1.664445161819458
753,1.3045027256011963,1.6438839435577393
754,1.2995139360427856,1.5986005067825317
755,1.3043912649154663,1.6722140312194824
756,1.308071494102478,1.7532696723937988
757,1.3059957027435303,1.802196741104126
758,1.3012769222259521,1.6649574041366577
759,1.3020964860916138,1.668634295463562
760,1.303181767463684,1.6828969717025757
761,1.2989071607589722,1.6021374464035034
762,1.3022842407226562,1.7337573766708374
763,1.2965420484542847,1.7191978693008423
764,1.3025110960006714,1.7038425207138062
765,1.3009049892425537,1.6100783348083496
766,1.2947429418563843,1.7105920314788818
767,1.30056893825531,1.6474026441574097
768,1.3016265630722046,1.649312973022461
769,1.2990524768829346,1.6597416400909424
770,1.2990541458129883,1.5940332412719727
771,1.2995507717132568,1.6331344842910767
772,1.2976672649383545,1.623849630355835
773,1.2979432344436646,1.6849058866500854
774,1.2931357622146606,1.7085552215576172
775,1.2924617528915405,1.72211492061615
776,1.2980698347091675,1.6157381534576416
777,1.2968659400939941,1.686524748802185
778,1.2966241836547852,1.5502433776855469
779,1.2961010932922363,1.6681902408599854
780,1.2957028150558472,1.6319416761398315
781,1.296164631843567,1.652286410331726
782,1.2900362014770508,1.6794021129608154
783,1.2941704988479614,1.7169221639633179
784,1.2908607721328735,1.6549603939056396
785,1.2948707342147827,1.5893380641937256
786,1.2946977615356445,1.5815794467926025
787,1.2901993989944458,1.8629323244094849
788,1.295011281967163,1.6673890352249146
789,1.2933540344238281,1.6762123107910156
790,1.2896900177001953,1.6635257005691528
791,1.2941534519195557,1.6129226684570312
792,1.290974497795105,1.7648988962173462
793,1.2942359447479248,1.6431806087493896
794,1.2924898862838745,1.7111222743988037
795,1.2890567779541016,1.6190135478973389
796,1.2918626070022583,1.6915618181228638
797,1.2862509489059448,1.7755341529846191
798,1.2884598970413208,1.6221133470535278
799,1.2936049699783325,1.6105554103851318
800,1.287534236907959,1.7309786081314087
801,1.2876993417739868,1.5989553928375244
802,1.2853195667266846,1.7456872463226318
803,1.2848682403564453,1.8913804292678833
804,1.2850295305252075,1.6668843030929565
805,1.2845901250839233,1.7206488847732544
806,1.2862250804901123,1.6903010606765747
807,1.2875527143478394,1.652061939239502
808,1.286537766456604,1.6731898784637451
809,1.2851511240005493,1.592938780784607
810,1.2873090505599976,1.7516584396362305
811,1.2870733737945557,1.622761845588684
812,1.2844277620315552,1.599305272102356
813,1.2842565774917603,1.6466730833053589
814,1.2842648029327393,1.7176536321640015
815,1.2835907936096191,1.6115707159042358
816,1.2774428129196167,1.641716480255127
817,1.2796196937561035,1.6997438669204712
818,1.2810026407241821,1.6251367330551147
819,1.2851123809814453,1.7405674457550049
820,1.2860606908798218,1.8467336893081665
821,1.2828248739242554,1.6385515928268433
822,1.2785143852233887,1.6296989917755127
823,1.281445026397705,1.5805997848510742
824,1.2805043458938599,1.6632404327392578
825,1.2791279554367065,1.6693644523620605
826,1.2806973457336426,1.6072287559509277
827,1.2764722108840942,1.668030023574829
828,1.2816623449325562,1.6992275714874268
829,1.2764954566955566,1.5908714532852173
830,1.2805216312408447,1.5608302354812622
831,1.27748703956604,1.5869327783584595
832,1.2777694463729858,1.6608272790908813
833,1.2755049467086792,1.5891600847244263
834,1.2784112691879272,1.6187472343444824
835,1.279358983039856,1.5993671417236328
836,1.2794513702392578,1.6445232629776
837,1.2738194465637207,1.6548832654953003
838,1.2769404649734497,1.6363214254379272
839,1.2786446809768677,1.648725986480713
840,1.273505687713623,1.6233247518539429
841,1.2716703414916992,1.6398934125900269
842,1.274518370628357,1.6200121641159058
843,1.27470862865448,1.7453224658966064
844,1.2727174758911133,1.678867220878601
845,1.27096426486969,1.708750605583191
846,1.2749744653701782,1.7025178670883179
847,1.272955298423767,1.629866361618042
848,1.277305245399475,1.6366969347000122
849,1.271716833114624,1.6700010299682617
850,1.2688496112823486,1.6894930601119995
851,1.2693147659301758,1.5729089975357056
852,1.2695850133895874,1.605512022972107
853,1.2698509693145752,1.6590232849121094
854,1.2750962972640991,1.6494699716567993
855,1.2723761796951294,1.7081224918365479
856,1.2699358463287354,1.6209696531295776
857,1.2673429250717163,1.6740409135818481
858,1.2719058990478516,1.6327131986618042
859,1.2669824361801147,1.6424914598464966
860,1.2693415880203247,1.5790026187896729
861,1.2669141292572021,1.6589698791503906
862,1.2715271711349487,1.5462541580200195
863,1.2701334953308105,1.6194815635681152
864,1.2641098499298096,1.5966497659683228
865,1.2699705362319946,1.802058219909668
866,1.2709940671920776,1.6551077365875244
867,1.269802451133728,1.6111499071121216
868,1.268255352973938,1.7667720317840576
869,1.2681130170822144,1.5819330215454102
870,1.2659934759140015,1.7423536777496338
871,1.2640488147735596,1.687506914138794
872,1.2658745050430298,1.603501558303833
873,1.2637020349502563,1.6030603647232056
874,1.2677505016326904,1.7546929121017456
875,1.2648309469223022,1.6755330562591553
876,1.2599107027053833,1.6560481786727905
877,1.2612154483795166,1.674814224243164
878,1.267490029335022,1.8138577938079834
879,1.2658286094665527,1.6587014198303223
880,1.2653968334197998,1.9242684841156006
881,1.264768362045288,1.6662789583206177
882,1.2645847797393799,1.6133742332458496
883,1.2615158557891846,1.6649097204208374
884,1.2580825090408325,1.6450649499893188
885,1.2633097171783447,1.9056042432785034
886,1.2666312456130981,1.566806674003601
887,1.2601454257965088,1.5869203805923462
888,1.259821891784668,1.5689719915390015
889,1.262927770614624,1.579889178276062
890,1.257956624031067,1.641517162322998
891,1.2601598501205444,1.6922277212142944
892,1.2592295408248901,1.7302764654159546
893,1.2588903903961182,1.7906278371810913
894,1.2586778402328491,1.6328434944152832
895,1.2607134580612183,1.5648642778396606
896,1.2564510107040405,1.6770391464233398
897,1.2593886852264404,1.6766079664230347
898,1.2593165636062622,1.5833828449249268
899,1.2541853189468384,1.706026315689087
900,1.2595915794372559,1.6475540399551392
901,1.2524592876434326,1.580765962600708
902,1.2521862983703613,1.6081244945526123
903,1.2585060596466064,1.5740609169006348
904,1.2520700693130493,1.6334317922592163
905,1.2508224248886108,1.697141170501709
906,1.2536866664886475,1.6188944578170776
907,1.2565717697143555,1.545922040939331
908,1.2530632019042969,1.625455617904663
909,1.2547740936279297,1.7611271142959595
910,1.2546842098236084,1.7373253107070923
911,1.2556853294372559,1.6751458644866943
912,1.2549749612808228,1.6205095052719116
913,1.2533605098724365,1.5966627597808838
914,1.2518815994262695,1.6262855529785156
915,1.254474401473999,1.6467080116271973
916,1.2528282403945923,1.6040797233581543
917,1.2529960870742798,1.6515659093856812
918,1.253084421157837,1.591845989227295
919,1.2507177591323853,1.608149528503418
920,1.2520363330841064,1.7121132612228394
921,1.2494022846221924,1.6517376899719238
922,1.2503385543823242,1.6610056161880493
923,1.250234603881836,1.6950132846832275
924,1.251609206199646,1.615218997001648
925,1.254029393196106,1.6302225589752197
926,1.2507272958755493,1.7354049682617188
927,1.2486456632614136,1.6025437116622925
928,1.24838125705719,1.7754329442977905
929,1.2488102912902832,1.762886643409729
930,1.2537437677383423,1.6479021310806274
931,1.249305009841919,1.6039817333221436
932,1.2529966831207275,1.6314187049865723
933,1.2473080158233643,1.5991090536117554
934,1.2434933185577393,1.6296029090881348
935,1.247501015663147,1.6608226299285889
936,1.2453888654708862,1.5841760635375977
937,1.2447236776351929,1.5948899984359741
938,1.2454829216003418,1.6292096376419067
939,1.247349739074707,1.5724948644638062
940,1.2474557161331177,1.714827060699463
941,1.2487473487854004,1.8129533529281616
942,1.2442045211791992,1.67731511592865
943,1.2449283599853516,1.5682151317596436
944,1.2424166202545166,1.6519464254379272
945,1.2451577186584473,1.6427345275878906
946,1.2451975345611572,1.6030113697052002
947,1.2428888082504272,1.6196479797363281
948,1.2430274486541748,1.5664533376693726
949,1.2453510761260986,1.6291323900222778
950,1.2409881353378296,1.6284724473953247
951,1.2438632249832153,1.6346901655197144
952,1.241195797920227,1.6395984888076782
953,1.247789978981018,1.6788771152496338
954,1.2400933504104614,1.6275413036346436
955,1.2491872310638428,1.6705721616744995
956,1.245236873626709,1.6383113861083984
957,1.238215446472168,1.648032307624817
958,1.237213373184204,1.6446670293807983
959,1.2380812168121338,1.6106154918670654
960,1.2381482124328613,1.6549357175827026
961,1.2439372539520264,1.6310983896255493
962,1.2378965616226196,1.6381943225860596
963,1.2389429807662964,1.7204688787460327
964,1.2371419668197632,1.683902621269226
965,1.2393114566802979,1.582395076751709
966,1.239022970199585,1.587334156036377
967,1.2391330003738403,1.7259560823440552
968,1.242699146270752,1.5535515546798706
969,1.238387107849121,1.6321133375167847
970,1.2356711626052856,1.6515331268310547
971,1.2374902963638306,1.6979589462280273
972,1.2372249364852905,1.6079363822937012
973,1.23507821559906,1.620147466659546
974,1.2377088069915771,1.6430728435516357
975,1.2358455657958984,1.5918339490890503
976,1.2353168725967407,1.5700557231903076
977,1.2438390254974365,1.6327544450759888
978,1.2360196113586426,1.6005953550338745
979,1.2344757318496704,1.661657452583313
980,1.2374818325042725,1.6781949996948242
981,1.2309294939041138,1.6788396835327148
982,1.2388862371444702,1.7986247539520264
983,1.2343780994415283,1.576945424079895
984,1.2310051918029785,1.6604819297790527
985,1.2316944599151611,1.677093744277954
986,1.2338587045669556,1.5794486999511719
987,1.2345308065414429,1.59733247756958
988,1.2327520847320557,1.650194525718689
989,1.232174277305603,1.6639940738677979
990,1.2339832782745361,1.5976520776748657
991,1.233271598815918,1.7354496717453003
992,1.2337620258331299,1.6863473653793335
993,1.2320735454559326,1.6062114238739014
994,1.2247259616851807,1.603804111480713
995,1.2317384481430054,1.6590211391448975
996,1.231885552406311,1.6788992881774902
997,1.2272480726242065,1.5450674295425415
998,1.2316315174102783,1.6085683107376099
999,1.2306241989135742,1.6938997507095337
